2022-01-12 11:33:47: server error Error
    at C:\Users\licong23\code\learning\case2-microblog\src\routes\view\error.js:4:9
    at dispatch (C:\Users\licong23\code\learning\case2-microblog\node_modules\koa-compose\index.js:44:32)
    at next (C:\Users\licong23\code\learning\case2-microblog\node_modules\koa-compose\index.js:45:18)
    at C:\Users\licong23\code\learning\case2-microblog\node_modules\koa-router\lib\router.js:346:16
    at dispatch (C:\Users\licong23\code\learning\case2-microblog\node_modules\koa-compose\index.js:44:32)
    at C:\Users\licong23\code\learning\case2-microblog\node_modules\koa-compose\index.js:36:12
    at dispatch (C:\Users\licong23\code\learning\case2-microblog\node_modules\koa-router\lib\router.js:351:31)
    at dispatch (C:\Users\licong23\code\learning\case2-microblog\node_modules\koa\node_modules\koa-compose\index.js:42:32)
    at dispatch (C:\Users\licong23\code\learning\case2-microblog\node_modules\koa-router\lib\router.js:332:32)
    at dispatch (C:\Users\licong23\code\learning\case2-microblog\node_modules\koa\node_modules\koa-compose\index.js:42:32)
    at dispatch (C:\Users\licong23\code\learning\case2-microblog\node_modules\koa-router\lib\router.js:332:32)
    at dispatch (C:\Users\licong23\code\learning\case2-microblog\node_modules\koa\node_modules\koa-compose\index.js:42:32)
    at dispatch (C:\Users\licong23\code\learning\case2-microblog\node_modules\koa-router\lib\router.js:332:32)
    at dispatch (C:\Users\licong23\code\learning\case2-microblog\node_modules\koa\node_modules\koa-compose\index.js:42:32)
    at dispatch (C:\Users\licong23\code\learning\case2-microblog\node_modules\koa-router\lib\router.js:332:32)
    at dispatch (C:\Users\licong23\code\learning\case2-microblog\node_modules\koa\node_modules\koa-compose\index.js:42:32) {
  request: {
    method: 'GET',
    url: '/get-error',
    header: {
      host: 'localhost:3000',
      connection: 'keep-alive',
      'sec-ch-ua': '" Not A;Brand";v="99", "Chromium";v="96", "Google Chrome";v="96"',
      'sec-ch-ua-mobile': '?0',
      'sec-ch-ua-platform': '"Windows"',
      'upgrade-insecure-requests': '1',
      'user-agent': 'Mozilla/5.0 (Windows NT 10.0; Win64; x64) AppleWebKit/537.36 (KHTML, like Gecko) Chrome/96.0.4664.110 Safari/537.36',
      accept: 'text/html,application/xhtml+xml,application/xml;q=0.9,image/avif,image/webp,image/apng,*/*;q=0.8,application/signed-exchange;v=b3;q=0.9',
      'sec-fetch-site': 'none',
      'sec-fetch-mode': 'navigate',
      'sec-fetch-user': '?1',
      'sec-fetch-dest': 'document',
      'accept-encoding': 'gzip, deflate, br',
      'accept-language': 'zh,zh-CN;q=0.9,en;q=0.8',
      cookie: 'weibo.sid=qI751nhtwBtZ8GppaPJBNlGHCaH-liB1; weibo.sid.sig=tbsLPntfBRCqhC2jpYak3sgi-bs'
    }
  },
  response: {
    status: 404,
    message: 'Not Found',
    header: [Object: null prototype] {}
  },
  app: { subdomainOffset: 2, proxy: false, env: 'production' },
  originalUrl: '/get-error',
  req: '<original node req>',
  res: '<original node res>',
  socket: '<original node socket>'
}
